<?xml version="1.0" encoding="UTF-8"?>
<!-- Generated by org.testng.reporters.JUnitReportReporter -->
<testsuite skipped="0" hostname="DESKTOP-5ENVCQM" name="NewTest" tests="1" failures="0" timestamp="13 Oct 2018 19:45:15 GMT" time="23.679" errors="0">
  <testcase name="main" time="23.679" classname="NewTest"/>
</testsuite> <!-- NewTest -->
