<?xml version="1.0" encoding="UTF-8"?>
<!-- Generated by org.testng.reporters.JUnitReportReporter -->
<testsuite skipped="0" hostname="DESKTOP-5ENVCQM" name="NewTest" tests="1" failures="0" timestamp="14 Oct 2018 06:55:34 GMT" time="22.988" errors="0">
  <testcase name="main" time="22.988" classname="NewTest"/>
</testsuite> <!-- NewTest -->
